2025-06-24 12:23:04,289 - semgrep.run_scan - DEBUG - semgrep version 1.4.0
2025-06-24 12:23:04,293 - semgrep.git - DEBUG - Failed to get project url from 'git ls-remote': Command failed with exit code: 128
-----
Command failed with output:
fatal: No remote configured to list refs from.


Failed to run 'git ls-remote --get-url'. Possible reasons:

- the git binary is not available
- the current working directory is not a git repository
- the baseline commit is not a parent of the current commit
    (if you are running through semgrep-app, check if you are setting `SEMGREP_BRANCH` or `SEMGREP_BASELINE_COMMIT` properly)
- the current working directory is not marked as safe
    (fix with `git config --global --add safe.directory $(pwd)`)

Try running the command yourself to debug the issue.
2025-06-24 12:23:04,294 - semgrep.config_resolver - DEBUG - Loading local config from /home/runner/workspace/.config/.semgrep/semgrep_rules.json
2025-06-24 12:23:04,564 - semgrep.config_resolver - DEBUG - Done loading local config from /home/runner/workspace/.config/.semgrep/semgrep_rules.json
2025-06-24 12:23:04,566 - semgrep.config_resolver - DEBUG - Saving rules to /tmp/semgrep-g_7zedc1.rules
2025-06-24 12:23:05,342 - semgrep.rule_lang - DEBUG - semgrep-core validation response: valid=True
2025-06-24 12:23:05,342 - semgrep.rule_lang - DEBUG - semgrep-core validation succeeded
2025-06-24 12:23:05,343 - semgrep.rule_lang - DEBUG - RPC validation succeeded
2025-06-24 12:23:05,343 - semgrep.config_resolver - DEBUG - loaded 1 configs in 1.049668550491333
2025-06-24 12:23:05,460 - semgrep.run_scan - VERBOSE - running 714 rules from 1 config /home/runner/workspace/.config/.semgrep/semgrep_rules.json_0
2025-06-24 12:23:05,460 - semgrep.run_scan - VERBOSE - No .semgrepignore found. Using default .semgrepignore rules. See the docs for the list of default ignores: https://semgrep.dev/docs/cli-usage/#ignore-files
2025-06-24 12:23:05,463 - semgrep.run_scan - VERBOSE - Rules:
2025-06-24 12:23:05,463 - semgrep.run_scan - VERBOSE - <SKIPPED DATA (too many entries; use --max-log-list-entries)>
2025-06-24 12:23:05,938 - semgrep.core_runner - DEBUG - Passing whole rules directly to semgrep_core
2025-06-24 12:23:06,085 - semgrep.core_runner - DEBUG - Running Semgrep engine with command:
2025-06-24 12:23:06,085 - semgrep.core_runner - DEBUG - /tmp/_MEIC2NHXY/semgrep/bin/opengrep-core -json -rules /tmp/tmpoipndl1c.json -j 8 -targets /tmp/tmpxq7i4xj3 -timeout 5 -timeout_threshold 3 -max_memory 0 -fast
2025-06-24 12:23:16,022 - semgrep.core_runner - DEBUG - --- semgrep-core stderr ---
[00.08][[34mINFO[0m]: Executed as: /tmp/_MEIC2NHXY/semgrep/bin/opengrep-core -json -rules /tmp/tmpoipndl1c.json -j 8 -targets /tmp/tmpxq7i4xj3 -timeout 5 -timeout_threshold 3 -max_memory 0 -fast
[00.08][[34mINFO[0m]: Version: 1.4.0
[00.08][[34mINFO[0m]: Parsing rules in /tmp/tmpoipndl1c.json
[00.52][[34mINFO[0m]: scan: processing 260 files (skipping 0), with 456 rules (skipping 0 )
[05.01][[33mWARNING[0m]: Fixpoint timeout while performing taint analysis [rule: config..semgrep.vendored-rules.typescript.react.security.audit.react-href-var file: client/src/pages/Settings.tsx func: Settings:16734]
[0m[05.19][[33mWARNING[0m]: Fixpoint timeout while performing taint analysis [rule: config..semgrep.vendored-rules.javascript.lang.security.audit.sqli.node-postgres-sqli file: client/src/pages/Settings.tsx func: Settings:16734]
[0m[05.22][[33mWARNING[0m]: Fixpoint timeout while performing taint analysis [rule: config..semgrep.vendored-rules.javascript.lang.security.audit.detect-non-literal-require file: client/src/components/ui/sidebar.tsx func: ???]
[0m[05.46][[33mWARNING[0m]: Fixpoint timeout while performing taint analysis [rule: config..semgrep.vendored-rules.javascript.lang.security.audit.detect-non-literal-require file: client/src/pages/Settings.tsx func: Settings:16734]
[0m[05.95][[33mWARNING[0m]: Fixpoint timeout while performing taint analysis [rule: config..semgrep.vendored-rules.javascript.lang.security.detect-eval-with-expression file: client/src/pages/Settings.tsx func: Settings:16734]
[0m[06.47][[33mWARNING[0m]: Fixpoint timeout while performing taint analysis [rule: config..semgrep.vendored-rules.javascript.express.security.injection.tainted-sql-string file: client/src/pages/Settings.tsx func: Settings:16734]
[0m[07.28][[33mWARNING[0m]: Fixpoint timeout while performing taint analysis [rule: config..semgrep.vendored-rules.javascript.express.security.audit.remote-property-injection file: client/src/pages/Settings.tsx func: Settings:16734]
[0m--- end semgrep-core stderr ---
2025-06-24 12:23:16,028 - semgrep.rule_match - DEBUG - match_key = ('', PosixPath('client/index.html'), 'config..semgrep.vendored-rules.html.security.audit.missing-integrity') match_id = 0ee74fd49637bebe183eca7188dbde26e386314e62cc2e7ba1ee60b377b638243fcd84e6c6fa04886198ccacfa6a711bfbcc61a28f9ddc913d5b3c53083cbc90_0
2025-06-24 12:23:16,028 - semgrep.rule_match - DEBUG - match_key = (' type="text/javascript" src="https://replit.com/public/js/replit-dev-banner.js" (?is).*integrity= (google-analytics\\.com|fonts\\.googleapis\\.com|fonts\\.gstatic\\.com|googletagmanager\\.com) .*rel\\s*=\\s*[\'"]?preconnect.* href="... :// ..." href="//..." href=\'... :// ...\' href=\'//...\' src="... :// ..." src="//..." src=\'... :// ...\' src=\'//...\' <link  type="text/javascript" src="https://replit.com/public/js/replit-dev-banner.js" > <script  type="text/javascript" src="https://replit.com/public/js/replit-dev-banner.js" >...</script>', PosixPath('client/index.html'), 'config..semgrep.vendored-rules.html.security.audit.missing-integrity') match_id = 0728b64e224596592d04447ba8a642ff94e1fb9fcc07be26d49dc7e7f6898e638ad16ffcaca086932c58f4c6400fe32603323afef02cf9bfebcb0e4a53562a40_0
2025-06-24 12:23:16,029 - semgrep.rule_match - DEBUG - match_key = (' type="text/javascript" src="https://replit.com/public/js/replit-dev-banner.js" (?is).*integrity= (google-analytics\\.com|fonts\\.googleapis\\.com|fonts\\.gstatic\\.com|googletagmanager\\.com) .*rel\\s*=\\s*[\'"]?preconnect.* href="... :// ..." href="//..." href=\'... :// ...\' href=\'//...\' src="... :// ..." src="//..." src=\'... :// ...\' src=\'//...\' <link  type="text/javascript" src="https://replit.com/public/js/replit-dev-banner.js" > <script  type="text/javascript" src="https://replit.com/public/js/replit-dev-banner.js" >...</script>', PosixPath('client/index.html'), 'config..semgrep.vendored-rules.html.security.audit.missing-integrity') match_id = 0728b64e224596592d04447ba8a642ff94e1fb9fcc07be26d49dc7e7f6898e638ad16ffcaca086932c58f4c6400fe32603323afef02cf9bfebcb0e4a53562a40_0
2025-06-24 12:23:16,029 - semgrep.rule_match - DEBUG - match_key = (' type="text/javascript" src="https://replit.com/public/js/replit-dev-banner.js" (?is).*integrity= (google-analytics\\.com|fonts\\.googleapis\\.com|fonts\\.gstatic\\.com|googletagmanager\\.com) .*rel\\s*=\\s*[\'"]?preconnect.* href="... :// ..." href="//..." href=\'... :// ...\' href=\'//...\' src="... :// ..." src="//..." src=\'... :// ...\' src=\'//...\' <link  type="text/javascript" src="https://replit.com/public/js/replit-dev-banner.js" > <script  type="text/javascript" src="https://replit.com/public/js/replit-dev-banner.js" >...</script>', PosixPath('client/index.html'), 'config..semgrep.vendored-rules.html.security.audit.missing-integrity') match_id = 0728b64e224596592d04447ba8a642ff94e1fb9fcc07be26d49dc7e7f6898e638ad16ffcaca086932c58f4c6400fe32603323afef02cf9bfebcb0e4a53562a40_0
2025-06-24 12:23:16,030 - semgrep.rule_match - DEBUG - match_key = ('', PosixPath('server/routes.ts'), 'config..semgrep.vendored-rules.javascript.express.security.injection.raw-html-format') match_id = ba677f2bb05e298e2eb279156b48995fbaf4066dbff4c420ba72dd2c858ef78a6555d4366e8cf5fb6479e556b06b731591ed5273734dc6ef3ebafb0cf50f8f1a_0
2025-06-24 12:23:16,030 - semgrep.rule_match - DEBUG - match_key = ('', PosixPath('server/routes.ts'), 'config..semgrep.vendored-rules.javascript.express.security.injection.raw-html-format') match_id = ba677f2bb05e298e2eb279156b48995fbaf4066dbff4c420ba72dd2c858ef78a6555d4366e8cf5fb6479e556b06b731591ed5273734dc6ef3ebafb0cf50f8f1a_0
2025-06-24 12:23:16,031 - semgrep.rule_match - DEBUG - match_key = ('', PosixPath('server/routes.ts'), 'config..semgrep.vendored-rules.javascript.express.security.injection.raw-html-format') match_id = ba677f2bb05e298e2eb279156b48995fbaf4066dbff4c420ba72dd2c858ef78a6555d4366e8cf5fb6479e556b06b731591ed5273734dc6ef3ebafb0cf50f8f1a_0
2025-06-24 12:23:16,032 - semgrep.rule_match - DEBUG - match_key = ('', PosixPath('server/routes.ts'), 'config..semgrep.vendored-rules.javascript.express.security.injection.raw-html-format') match_id = ba677f2bb05e298e2eb279156b48995fbaf4066dbff4c420ba72dd2c858ef78a6555d4366e8cf5fb6479e556b06b731591ed5273734dc6ef3ebafb0cf50f8f1a_0
2025-06-24 12:23:16,032 - semgrep.rule_match - DEBUG - match_key = ('', PosixPath('server/routes.ts'), 'config..semgrep.vendored-rules.javascript.express.security.injection.raw-html-format') match_id = ba677f2bb05e298e2eb279156b48995fbaf4066dbff4c420ba72dd2c858ef78a6555d4366e8cf5fb6479e556b06b731591ed5273734dc6ef3ebafb0cf50f8f1a_0
2025-06-24 12:23:16,033 - semgrep.rule_match - DEBUG - match_key = ('', PosixPath('server/routes.ts'), 'config..semgrep.vendored-rules.javascript.express.security.injection.raw-html-format') match_id = ba677f2bb05e298e2eb279156b48995fbaf4066dbff4c420ba72dd2c858ef78a6555d4366e8cf5fb6479e556b06b731591ed5273734dc6ef3ebafb0cf50f8f1a_0
2025-06-24 12:23:16,033 - semgrep.rule_match - DEBUG - match_key = ('', PosixPath('server/routes.ts'), 'config..semgrep.vendored-rules.javascript.express.security.injection.raw-html-format') match_id = ba677f2bb05e298e2eb279156b48995fbaf4066dbff4c420ba72dd2c858ef78a6555d4366e8cf5fb6479e556b06b731591ed5273734dc6ef3ebafb0cf50f8f1a_0
2025-06-24 12:23:16,034 - semgrep.rule_match - DEBUG - match_key = ('', PosixPath('server/routes.ts'), 'config..semgrep.vendored-rules.javascript.express.security.injection.raw-html-format') match_id = ba677f2bb05e298e2eb279156b48995fbaf4066dbff4c420ba72dd2c858ef78a6555d4366e8cf5fb6479e556b06b731591ed5273734dc6ef3ebafb0cf50f8f1a_1
2025-06-24 12:23:16,034 - semgrep.rule_match - DEBUG - match_key = ('', PosixPath('server/routes.ts'), 'config..semgrep.vendored-rules.javascript.express.security.injection.raw-html-format') match_id = ba677f2bb05e298e2eb279156b48995fbaf4066dbff4c420ba72dd2c858ef78a6555d4366e8cf5fb6479e556b06b731591ed5273734dc6ef3ebafb0cf50f8f1a_0
2025-06-24 12:23:16,035 - semgrep.rule_match - DEBUG - match_key = ('', PosixPath('server/routes.ts'), 'config..semgrep.vendored-rules.javascript.express.security.injection.raw-html-format') match_id = ba677f2bb05e298e2eb279156b48995fbaf4066dbff4c420ba72dd2c858ef78a6555d4366e8cf5fb6479e556b06b731591ed5273734dc6ef3ebafb0cf50f8f1a_0
2025-06-24 12:23:16,035 - semgrep.rule_match - DEBUG - match_key = ('', PosixPath('server/routes.ts'), 'config..semgrep.vendored-rules.javascript.express.security.injection.raw-html-format') match_id = ba677f2bb05e298e2eb279156b48995fbaf4066dbff4c420ba72dd2c858ef78a6555d4366e8cf5fb6479e556b06b731591ed5273734dc6ef3ebafb0cf50f8f1a_0
2025-06-24 12:23:16,036 - semgrep.rule_match - DEBUG - match_key = ('', PosixPath('server/routes.ts'), 'config..semgrep.vendored-rules.javascript.express.security.injection.raw-html-format') match_id = ba677f2bb05e298e2eb279156b48995fbaf4066dbff4c420ba72dd2c858ef78a6555d4366e8cf5fb6479e556b06b731591ed5273734dc6ef3ebafb0cf50f8f1a_2
2025-06-24 12:23:16,037 - semgrep.rule_match - DEBUG - match_key = ('', PosixPath('server/routes.ts'), 'config..semgrep.vendored-rules.javascript.lang.security.html-in-template-string') match_id = 252d5e9e3e03042b085042d3b73c68eb69c19f4051b0e0598394b2319328aec1c19bc319257e0271964c432f360d6d25c2037663d24d0ece653155f447f28f20_0
2025-06-24 12:23:16,037 - semgrep.rule_match - DEBUG - match_key = ('<li> .*</?[a-zA-Z] `<li>${ingredient}...`\n `...${ingredient}<li>`\n', PosixPath('server/routes.ts'), 'config..semgrep.vendored-rules.javascript.lang.security.html-in-template-string') match_id = 42d0cda1a70c12edf494f029eb079216ad03153fe573cf981e7a6a681174ba0946a1d4d3af432cfe0dccad1d83178e17d6f328bac3ca323e1eab5b688e783fbf_0
2025-06-24 12:23:16,038 - semgrep.rule_match - DEBUG - match_key = ('<li> .*</?[a-zA-Z] `<li>${ingredient}...`\n `...${ingredient}<li>`\n', PosixPath('server/routes.ts'), 'config..semgrep.vendored-rules.javascript.lang.security.html-in-template-string') match_id = 42d0cda1a70c12edf494f029eb079216ad03153fe573cf981e7a6a681174ba0946a1d4d3af432cfe0dccad1d83178e17d6f328bac3ca323e1eab5b688e783fbf_0
2025-06-24 12:23:16,038 - semgrep.rule_match - DEBUG - match_key = ('<li> .*</?[a-zA-Z] `<li>${ingredient}...`\n `...${ingredient}<li>`\n', PosixPath('server/routes.ts'), 'config..semgrep.vendored-rules.javascript.lang.security.html-in-template-string') match_id = 42d0cda1a70c12edf494f029eb079216ad03153fe573cf981e7a6a681174ba0946a1d4d3af432cfe0dccad1d83178e17d6f328bac3ca323e1eab5b688e783fbf_0
2025-06-24 12:23:16,039 - semgrep.rule_match - DEBUG - match_key = ('', PosixPath('server/routes.ts'), 'config..semgrep.vendored-rules.javascript.express.security.injection.raw-html-format') match_id = ba677f2bb05e298e2eb279156b48995fbaf4066dbff4c420ba72dd2c858ef78a6555d4366e8cf5fb6479e556b06b731591ed5273734dc6ef3ebafb0cf50f8f1a_0
2025-06-24 12:23:16,039 - semgrep.rule_match - DEBUG - match_key = ('', PosixPath('server/routes.ts'), 'config..semgrep.vendored-rules.javascript.express.security.injection.raw-html-format') match_id = ba677f2bb05e298e2eb279156b48995fbaf4066dbff4c420ba72dd2c858ef78a6555d4366e8cf5fb6479e556b06b731591ed5273734dc6ef3ebafb0cf50f8f1a_0
2025-06-24 12:23:16,040 - semgrep.rule_match - DEBUG - match_key = ('', PosixPath('server/routes.ts'), 'config..semgrep.vendored-rules.javascript.express.security.injection.raw-html-format') match_id = ba677f2bb05e298e2eb279156b48995fbaf4066dbff4c420ba72dd2c858ef78a6555d4366e8cf5fb6479e556b06b731591ed5273734dc6ef3ebafb0cf50f8f1a_0
2025-06-24 12:23:16,040 - semgrep.rule_match - DEBUG - match_key = ('', PosixPath('server/routes.ts'), 'config..semgrep.vendored-rules.javascript.express.security.injection.raw-html-format') match_id = ba677f2bb05e298e2eb279156b48995fbaf4066dbff4c420ba72dd2c858ef78a6555d4366e8cf5fb6479e556b06b731591ed5273734dc6ef3ebafb0cf50f8f1a_3
2025-06-24 12:23:16,041 - semgrep.rule_match - DEBUG - match_key = ('', PosixPath('server/routes.ts'), 'config..semgrep.vendored-rules.javascript.lang.security.html-in-template-string') match_id = 252d5e9e3e03042b085042d3b73c68eb69c19f4051b0e0598394b2319328aec1c19bc319257e0271964c432f360d6d25c2037663d24d0ece653155f447f28f20_0
2025-06-24 12:23:16,041 - semgrep.rule_match - DEBUG - match_key = ('<li> .*</?[a-zA-Z] `<li>${instruction}...`\n `...${instruction}<li>`\n', PosixPath('server/routes.ts'), 'config..semgrep.vendored-rules.javascript.lang.security.html-in-template-string') match_id = f2901d18c79644e5fba2c09500a188dfc31485e6602a591dfe589a4004888be82392e2ed35bcc296ec16341b825e97983f201f0d0e394f0115b94981c013aec8_0
2025-06-24 12:23:16,042 - semgrep.rule_match - DEBUG - match_key = ('<li> .*</?[a-zA-Z] `<li>${instruction}...`\n `...${instruction}<li>`\n', PosixPath('server/routes.ts'), 'config..semgrep.vendored-rules.javascript.lang.security.html-in-template-string') match_id = f2901d18c79644e5fba2c09500a188dfc31485e6602a591dfe589a4004888be82392e2ed35bcc296ec16341b825e97983f201f0d0e394f0115b94981c013aec8_0
2025-06-24 12:23:16,042 - semgrep.rule_match - DEBUG - match_key = ('<li> .*</?[a-zA-Z] `<li>${instruction}...`\n `...${instruction}<li>`\n', PosixPath('server/routes.ts'), 'config..semgrep.vendored-rules.javascript.lang.security.html-in-template-string') match_id = f2901d18c79644e5fba2c09500a188dfc31485e6602a591dfe589a4004888be82392e2ed35bcc296ec16341b825e97983f201f0d0e394f0115b94981c013aec8_0
2025-06-24 12:23:16,043 - semgrep.rule_match - DEBUG - match_key = ('', PosixPath('server/routes.ts'), 'config..semgrep.vendored-rules.javascript.express.security.injection.raw-html-format') match_id = ba677f2bb05e298e2eb279156b48995fbaf4066dbff4c420ba72dd2c858ef78a6555d4366e8cf5fb6479e556b06b731591ed5273734dc6ef3ebafb0cf50f8f1a_0
2025-06-24 12:23:16,044 - semgrep.rule_match - DEBUG - match_key = ('', PosixPath('server/routes.ts'), 'config..semgrep.vendored-rules.javascript.express.security.injection.raw-html-format') match_id = ba677f2bb05e298e2eb279156b48995fbaf4066dbff4c420ba72dd2c858ef78a6555d4366e8cf5fb6479e556b06b731591ed5273734dc6ef3ebafb0cf50f8f1a_0
2025-06-24 12:23:16,044 - semgrep.rule_match - DEBUG - match_key = ('', PosixPath('server/routes.ts'), 'config..semgrep.vendored-rules.javascript.express.security.injection.raw-html-format') match_id = ba677f2bb05e298e2eb279156b48995fbaf4066dbff4c420ba72dd2c858ef78a6555d4366e8cf5fb6479e556b06b731591ed5273734dc6ef3ebafb0cf50f8f1a_0
2025-06-24 12:23:16,045 - semgrep.rule_match - DEBUG - match_key = ('', PosixPath('server/routes.ts'), 'config..semgrep.vendored-rules.javascript.express.security.injection.raw-html-format') match_id = ba677f2bb05e298e2eb279156b48995fbaf4066dbff4c420ba72dd2c858ef78a6555d4366e8cf5fb6479e556b06b731591ed5273734dc6ef3ebafb0cf50f8f1a_4
2025-06-24 12:23:16,046 - semgrep.rule_match - DEBUG - match_key = ('', PosixPath('server/routes.ts'), 'config..semgrep.vendored-rules.javascript.express.security.injection.raw-html-format') match_id = ba677f2bb05e298e2eb279156b48995fbaf4066dbff4c420ba72dd2c858ef78a6555d4366e8cf5fb6479e556b06b731591ed5273734dc6ef3ebafb0cf50f8f1a_0
2025-06-24 12:23:16,046 - semgrep.rule_match - DEBUG - match_key = ('', PosixPath('server/routes.ts'), 'config..semgrep.vendored-rules.javascript.express.security.injection.raw-html-format') match_id = ba677f2bb05e298e2eb279156b48995fbaf4066dbff4c420ba72dd2c858ef78a6555d4366e8cf5fb6479e556b06b731591ed5273734dc6ef3ebafb0cf50f8f1a_0
2025-06-24 12:23:16,047 - semgrep.rule_match - DEBUG - match_key = ('', PosixPath('server/routes.ts'), 'config..semgrep.vendored-rules.javascript.express.security.injection.raw-html-format') match_id = ba677f2bb05e298e2eb279156b48995fbaf4066dbff4c420ba72dd2c858ef78a6555d4366e8cf5fb6479e556b06b731591ed5273734dc6ef3ebafb0cf50f8f1a_0
2025-06-24 12:23:16,047 - semgrep.rule_match - DEBUG - match_key = ('', PosixPath('server/routes.ts'), 'config..semgrep.vendored-rules.javascript.express.security.injection.raw-html-format') match_id = ba677f2bb05e298e2eb279156b48995fbaf4066dbff4c420ba72dd2c858ef78a6555d4366e8cf5fb6479e556b06b731591ed5273734dc6ef3ebafb0cf50f8f1a_5
2025-06-24 12:23:16,048 - semgrep.rule_match - DEBUG - match_key = ('', PosixPath('server/routes.ts'), 'config..semgrep.vendored-rules.javascript.express.security.injection.raw-html-format') match_id = ba677f2bb05e298e2eb279156b48995fbaf4066dbff4c420ba72dd2c858ef78a6555d4366e8cf5fb6479e556b06b731591ed5273734dc6ef3ebafb0cf50f8f1a_0
2025-06-24 12:23:16,049 - semgrep.rule_match - DEBUG - match_key = ('', PosixPath('server/routes.ts'), 'config..semgrep.vendored-rules.javascript.express.security.injection.raw-html-format') match_id = ba677f2bb05e298e2eb279156b48995fbaf4066dbff4c420ba72dd2c858ef78a6555d4366e8cf5fb6479e556b06b731591ed5273734dc6ef3ebafb0cf50f8f1a_0
2025-06-24 12:23:16,050 - semgrep.rule_match - DEBUG - match_key = ('', PosixPath('server/routes.ts'), 'config..semgrep.vendored-rules.javascript.express.security.injection.raw-html-format') match_id = ba677f2bb05e298e2eb279156b48995fbaf4066dbff4c420ba72dd2c858ef78a6555d4366e8cf5fb6479e556b06b731591ed5273734dc6ef3ebafb0cf50f8f1a_0
2025-06-24 12:23:16,050 - semgrep.rule_match - DEBUG - match_key = ('', PosixPath('server/routes.ts'), 'config..semgrep.vendored-rules.javascript.express.security.injection.raw-html-format') match_id = ba677f2bb05e298e2eb279156b48995fbaf4066dbff4c420ba72dd2c858ef78a6555d4366e8cf5fb6479e556b06b731591ed5273734dc6ef3ebafb0cf50f8f1a_6
2025-06-24 12:23:16,051 - semgrep.rule_match - DEBUG - match_key = ('', PosixPath('server/routes.ts'), 'config..semgrep.vendored-rules.javascript.lang.security.html-in-template-string') match_id = 252d5e9e3e03042b085042d3b73c68eb69c19f4051b0e0598394b2319328aec1c19bc319257e0271964c432f360d6d25c2037663d24d0ece653155f447f28f20_0
2025-06-24 12:23:16,052 - semgrep.rule_match - DEBUG - match_key = ('<p><em>Personal message:  .*</?[a-zA-Z] `<p><em>Personal message: ${message}...`\n `...${message}<p><em>Personal message: `\n', PosixPath('server/routes.ts'), 'config..semgrep.vendored-rules.javascript.lang.security.html-in-template-string') match_id = d2dd4673a867181622fd3983405d31c4599fc2eaedfdc9f143c90eec676c5cff85d20aa39c70a2e7f9d1193f88b8cc9319608c2da075e735fc2a0fa4e44c0f21_0
2025-06-24 12:23:16,052 - semgrep.rule_match - DEBUG - match_key = ('<p><em>Personal message:  .*</?[a-zA-Z] `<p><em>Personal message: ${message}...`\n `...${message}<p><em>Personal message: `\n', PosixPath('server/routes.ts'), 'config..semgrep.vendored-rules.javascript.lang.security.html-in-template-string') match_id = d2dd4673a867181622fd3983405d31c4599fc2eaedfdc9f143c90eec676c5cff85d20aa39c70a2e7f9d1193f88b8cc9319608c2da075e735fc2a0fa4e44c0f21_0
2025-06-24 12:23:16,053 - semgrep.rule_match - DEBUG - match_key = ('<p><em>Personal message:  .*</?[a-zA-Z] `<p><em>Personal message: ${message}...`\n `...${message}<p><em>Personal message: `\n', PosixPath('server/routes.ts'), 'config..semgrep.vendored-rules.javascript.lang.security.html-in-template-string') match_id = d2dd4673a867181622fd3983405d31c4599fc2eaedfdc9f143c90eec676c5cff85d20aa39c70a2e7f9d1193f88b8cc9319608c2da075e735fc2a0fa4e44c0f21_0
2025-06-24 12:23:16,055 - semgrep.core_runner - DEBUG - semgrep ran in 0:00:10.117287 on 88 files
2025-06-24 12:23:16,056 - semgrep.core_runner - DEBUG - findings summary: 11 warning, 0 error, 0 info
2025-06-24 12:23:16,059 - semgrep.app.auth - DEBUG - Getting API token from settings file
2025-06-24 12:23:16,059 - semgrep.app.auth - DEBUG - No API token found in settings file
2025-06-24 12:23:16,202 - semgrep.output - VERBOSE - 
========================================
Files skipped:
========================================

  Always skipped by Opengrep:

   • <none>

  Skipped by .gitignore:
  (Disable by passing --no-git-ignore)

   • <all files not listed by `git ls-files` were skipped>

  Skipped by .semgrepignore:
  - https://semgrep.dev/docs/ignoring-files-folders-code/#understand-semgrep-defaults

   • <none>

  Skipped by --include patterns:

   • <none>

  Skipped by --exclude patterns:

   • <none>

  Files skipped due to insufficient read permissions:

   • <none>

  Skipped by limiting to files smaller than 1000000 bytes:
  (Adjust with the --max-target-bytes flag)

   • <none>

  Partially analyzed due to parsing or internal Opengrep errors

   • tailwind.config.ts (1 lines skipped)

2025-06-24 12:23:16,205 - semgrep.output - INFO - Some files were skipped or only partially analyzed.
  Scan was limited to files tracked by git.
  Partially scanned: 1 files only partially analyzed due to parsing or internal Opengrep errors

Ran 437 rules on 88 files: 11 findings.
2025-06-24 12:23:16,206 - semgrep.app.version - DEBUG - Version cache does not exist
2025-06-24 12:23:16,227 - semgrep.metrics - VERBOSE - Not sending pseudonymous metrics since metrics are configured to OFF and registry usage is False
